<?xml version="1.0" encoding="UTF-8"?>
<!-- Generated by org.testng.reporters.JUnitReportReporter -->
<testsuite hostname="Jitenders-MacBook-Air.local" name="test.testappandroid" tests="3" failures="0" timestamp="24 Oct 2015 09:48:47 GMT" time="20.591" errors="0">
  <testcase name="loginpageitems" time="5.646" classname="test.testappandroid"/>
  <testcase name="amen" time="14.273" classname="test.testappandroid"/>
  <testcase name="bloginbutton" time="0.672" classname="test.testappandroid"/>
</testsuite> <!-- test.testappandroid -->
