<?xml version="1.0" encoding="UTF-8"?>
<!-- Generated by org.testng.reporters.JUnitReportReporter -->
<testsuite hostname="Geek111" name="cart_feature.my_cart" tests="1" failures="0" timestamp="13 Dec 2015 13:02:31 GMT" time="30.242" errors="0">
  <testcase name="testcase_3" time="30.242" classname="cart_feature.my_cart"/>
</testsuite> <!-- cart_feature.my_cart -->
