<?xml version="1.0" encoding="UTF-8"?>
<!-- Generated by org.testng.reporters.JUnitReportReporter -->
<testsuite hostname="Geek111" name="launch_feature.first_launch" tests="2" failures="0" timestamp="11 Dec 2015 19:08:12 GMT" time="17.914" errors="0">
  <testcase name="testcase_1_1" time="10.267" classname="launch_feature.first_launch"/>
  <testcase name="testcase_1_2" time="7.647" classname="launch_feature.first_launch"/>
</testsuite> <!-- launch_feature.first_launch -->
