<?xml version="1.0" encoding="UTF-8"?>
<!-- Generated by org.testng.reporters.JUnitReportReporter -->
<testsuite hostname="Jitenders-MacBook-Air.local" name="test.testappandroid" tests="8" failures="0" timestamp="29 Nov 2015 18:01:01 GMT" time="62.064" errors="0">
  <testcase name="d_Verify" time="9.734" classname="test.testappandroid"/>
  <testcase name="a_men" time="12.511" classname="test.testappandroid"/>
  <testcase name="h_paymoney" time="8.150" classname="test.testappandroid"/>
  <testcase name="g_paymentoption" time="2.902" classname="test.testappandroid"/>
  <testcase name="b_loginbutton" time="0.303" classname="test.testappandroid"/>
  <testcase name="e_serach" time="20.572" classname="test.testappandroid"/>
  <testcase name="f_checkout" time="1.094" classname="test.testappandroid"/>
  <testcase name="c_loginpageitems" time="6.798" classname="test.testappandroid"/>
</testsuite> <!-- test.testappandroid -->
