<?xml version="1.0" encoding="UTF-8"?>
<!-- Generated by org.testng.reporters.JUnitReportReporter -->
<testsuite hostname="Jitenders-MacBook-Air.local" name="test.testappandroid" tests="4" failures="0" timestamp="24 Nov 2015 10:53:58 GMT" time="23.123" errors="0">
  <testcase name="amen" time="6.098" classname="test.testappandroid"/>
  <testcase name="bloginbutton" time="0.511" classname="test.testappandroid"/>
  <testcase name="eVerify" time="10.138" classname="test.testappandroid"/>
  <testcase name="cloginpageitems" time="6.376" classname="test.testappandroid"/>
</testsuite> <!-- test.testappandroid -->
