<?xml version="1.0" encoding="UTF-8"?>
<!-- Generated by org.testng.reporters.JUnitReportReporter -->
<testsuite hostname="DEITY-3015A-103" name="my_information_feature.login" tests="1" failures="0" timestamp="11 Dec 2015 10:54:17 GMT" time="28.025" errors="0">
  <testcase name="testcase_2" time="28.025" classname="my_information_feature.login"/>
</testsuite> <!-- my_information_feature.login -->
