<?xml version="1.0" encoding="UTF-8"?>
<!-- Generated by org.testng.reporters.JUnitReportReporter -->
<testsuite hostname="DEITY-3015A-103" name="test.testappandroid" tests="4" failures="1" timestamp="9 Dec 2015 10:06:28 GMT" time="24.290" errors="0">
  <testcase name="amen" time="7.480" classname="test.testappandroid"/>
  <testcase name="bloginbutton" time="0.897" classname="test.testappandroid"/>
  <testcase name="cloginpageitems" time="7.089" classname="test.testappandroid"/>
  <testcase name="eVerify" time="8.824" classname="test.testappandroid">
    <failure type="org.openqa.selenium.WebDriverException" message="An unknown server-side error occurred while processing the command. (WARNING: The server did not provide any stacktrace information)
Command duration or timeout: 30 milliseconds
Build info: version: &#039;2.47.1&#039;, revision: &#039;411b314&#039;, time: &#039;2015-07-30 02:56:46&#039;
System info: host: &#039;DEITY-3015A-103&#039;, ip: &#039;10.22.114.198&#039;, os.name: &#039;Windows 7&#039;, os.arch: &#039;x86&#039;, os.version: &#039;6.1&#039;, java.version: &#039;1.8.0_25&#039;
Driver info: io.appium.java_client.android.AndroidDriver
Capabilities [{appPackage=com.grofers.customerapp, networkConnectionEnabled=true, warnings={}, databaseEnabled=false, deviceName=LGH818817f4eaf, platform=LINUX, appActivity=com.grofers.customerapp.activities.ActivitySplashScreen, desired={appPackage=com.grofers.customerapp, appActivity=com.grofers.customerapp.activities.ActivitySplashScreen, BROWSER_NAME=Android, VERSION=5.1, platformName=Android, deviceName=LGH818817f4eaf}, platformVersion=4.1, BROWSER_NAME=Android, webStorageEnabled=false, locationContextEnabled=false, VERSION=5.1, browserName=Android, takesScreenshot=true, javascriptEnabled=true, platformName=Android}]
Session ID: 958c62ff-5f50-4966-8ec9-61c73ec79652">
      <![CDATA[org.openqa.selenium.WebDriverException: An unknown server-side error occurred while processing the command. (WARNING: The server did not provide any stacktrace information)
Command duration or timeout: 30 milliseconds
Build info: version: '2.47.1', revision: '411b314', time: '2015-07-30 02:56:46'
System info: host: 'DEITY-3015A-103', ip: '10.22.114.198', os.name: 'Windows 7', os.arch: 'x86', os.version: '6.1', java.version: '1.8.0_25'
Driver info: io.appium.java_client.android.AndroidDriver
Capabilities [{appPackage=com.grofers.customerapp, networkConnectionEnabled=true, warnings={}, databaseEnabled=false, deviceName=LGH818817f4eaf, platform=LINUX, appActivity=com.grofers.customerapp.activities.ActivitySplashScreen, desired={appPackage=com.grofers.customerapp, appActivity=com.grofers.customerapp.activities.ActivitySplashScreen, BROWSER_NAME=Android, VERSION=5.1, platformName=Android, deviceName=LGH818817f4eaf}, platformVersion=4.1, BROWSER_NAME=Android, webStorageEnabled=false, locationContextEnabled=false, VERSION=5.1, browserName=Android, takesScreenshot=true, javascriptEnabled=true, platformName=Android}]
Session ID: 958c62ff-5f50-4966-8ec9-61c73ec79652
	at sun.reflect.NativeConstructorAccessorImpl.newInstance0(Native Method)
	at sun.reflect.NativeConstructorAccessorImpl.newInstance(Unknown Source)
	at sun.reflect.DelegatingConstructorAccessorImpl.newInstance(Unknown Source)
	at java.lang.reflect.Constructor.newInstance(Unknown Source)
	at org.openqa.selenium.remote.ErrorHandler.createThrowable(ErrorHandler.java:206)
	at org.openqa.selenium.remote.ErrorHandler.throwIfResponseFailed(ErrorHandler.java:158)
	at org.openqa.selenium.remote.RemoteWebDriver.execute(RemoteWebDriver.java:595)
	at io.appium.java_client.DefaultGenericMobileDriver.execute(DefaultGenericMobileDriver.java:42)
	at io.appium.java_client.AppiumDriver.execute(AppiumDriver.java:1)
	at io.appium.java_client.android.AndroidDriver.execute(AndroidDriver.java:1)
	at io.appium.java_client.AppiumDriver.performTouchAction(AppiumDriver.java:297)
	at io.appium.java_client.MultiTouchAction.perform(MultiTouchAction.java:74)
	at io.appium.java_client.AppiumDriver.tap(AppiumDriver.java:338)
	at allpages.General.swipeLeft(General.java:45)
	at test.testappandroid.eVerify(testappandroid.java:152)
	at sun.reflect.NativeMethodAccessorImpl.invoke0(Native Method)
	at sun.reflect.NativeMethodAccessorImpl.invoke(Unknown Source)
	at sun.reflect.DelegatingMethodAccessorImpl.invoke(Unknown Source)
	at java.lang.reflect.Method.invoke(Unknown Source)
	at org.testng.internal.MethodInvocationHelper.invokeMethod(MethodInvocationHelper.java:84)
	at org.testng.internal.Invoker.invokeMethod(Invoker.java:714)
	at org.testng.internal.Invoker.invokeTestMethod(Invoker.java:901)
	at org.testng.internal.Invoker.invokeTestMethods(Invoker.java:1231)
	at org.testng.internal.TestMethodWorker.invokeTestMethods(TestMethodWorker.java:127)
	at org.testng.internal.TestMethodWorker.run(TestMethodWorker.java:111)
	at org.testng.TestRunner.privateRun(TestRunner.java:767)
	at org.testng.TestRunner.run(TestRunner.java:617)
	at org.testng.SuiteRunner.runTest(SuiteRunner.java:334)
	at org.testng.SuiteRunner.runSequentially(SuiteRunner.java:329)
	at org.testng.SuiteRunner.privateRun(SuiteRunner.java:291)
	at org.testng.SuiteRunner.run(SuiteRunner.java:240)
	at org.testng.SuiteRunnerWorker.runSuite(SuiteRunnerWorker.java:52)
	at org.testng.SuiteRunnerWorker.run(SuiteRunnerWorker.java:86)
	at org.testng.TestNG.runSuitesSequentially(TestNG.java:1224)
	at org.testng.TestNG.runSuitesLocally(TestNG.java:1149)
	at org.testng.TestNG.run(TestNG.java:1057)
	at org.testng.remote.RemoteTestNG.run(RemoteTestNG.java:111)
	at org.testng.remote.RemoteTestNG.initAndRun(RemoteTestNG.java:204)
	at org.testng.remote.RemoteTestNG.main(RemoteTestNG.java:175)
]]>
    </failure>
  </testcase> <!-- eVerify -->
</testsuite> <!-- test.testappandroid -->
