<?xml version="1.0" encoding="UTF-8"?>
<!-- Generated by org.testng.reporters.JUnitReportReporter -->
<testsuite hostname="Geek111" name="cart_feature.my_cart" tests="1" failures="0" timestamp="11 Dec 2015 19:08:12 GMT" time="17.469" errors="0">
  <testcase name="testcase_3" time="17.469" classname="cart_feature.my_cart"/>
</testsuite> <!-- cart_feature.my_cart -->
