<?xml version="1.0" encoding="UTF-8"?>
<!-- Generated by org.testng.reporters.JUnitReportReporter -->
<testsuite hostname="Geek111" name="cart_feature.checkout" tests="1" failures="0" timestamp="11 Dec 2015 19:08:12 GMT" time="4.807" errors="0">
  <testcase name="testcase_4" time="4.807" classname="cart_feature.checkout"/>
</testsuite> <!-- cart_feature.checkout -->
