<?xml version="1.0" encoding="UTF-8"?>
<!-- Generated by org.testng.reporters.JUnitReportReporter -->
<testsuite hostname="Geek111" name="my_information_feature.login" tests="1" failures="0" timestamp="11 Dec 2015 19:08:12 GMT" time="6.672" errors="0">
  <testcase name="testcase_2" time="6.672" classname="my_information_feature.login"/>
</testsuite> <!-- my_information_feature.login -->
