<?xml version="1.0" encoding="UTF-8"?>
<!-- Generated by org.testng.reporters.JUnitReportReporter -->
<testsuite hostname="Jitenders-MacBook-Air.local" name="test.testappandroid" tests="1" failures="0" timestamp="9 Nov 2015 08:43:41 GMT" time="14.544" errors="0">
  <testcase name="amen" time="14.544" classname="test.testappandroid"/>
</testsuite> <!-- test.testappandroid -->
