<?xml version="1.0" encoding="UTF-8"?>
<!-- Generated by org.testng.reporters.JUnitReportReporter -->
<testsuite hostname="Jitenders-MacBook-Air.local" name="test.testappandroid" tests="5" failures="2" timestamp="29 Nov 2015 15:46:11 GMT" time="65.294" errors="0">
  <testcase name="eVerify" time="8.102" classname="test.testappandroid">
    <failure type="org.openqa.selenium.WebDriverException" message="An unknown server-side error occurred while processing the command. (WARNING: The server did not provide any stacktrace information)
Command duration or timeout: 39 milliseconds
Build info: version: &#039;2.46.0&#039;, revision: &#039;87c69e2&#039;, time: &#039;2015-06-04 16:17:10&#039;
System info: host: &#039;Jitenders-MacBook-Air.local&#039;, ip: &#039;192.168.1.194&#039;, os.name: &#039;Mac OS X&#039;, os.arch: &#039;x86_64&#039;, os.version: &#039;10.10.5&#039;, java.version: &#039;1.8.0_45&#039;
Driver info: io.appium.java_client.android.AndroidDriver
Capabilities [{appPackage=com.grofers.customerapp, networkConnectionEnabled=true, warnings={}, databaseEnabled=false, deviceName=LGH818817f4eaf, platform=LINUX, appActivity=com.grofers.customerapp.activities.ActivitySplashScreen, desired={appPackage=com.grofers.customerapp, appActivity=com.grofers.customerapp.activities.ActivitySplashScreen, BROWSER_NAME=Android, VERSION=5.1, platformName=Android, deviceName=LGH818817f4eaf}, platformVersion=5.1, BROWSER_NAME=Android, webStorageEnabled=false, locationContextEnabled=false, VERSION=5.1, browserName=Android, takesScreenshot=true, javascriptEnabled=true, platformName=Android}]
Session ID: 59cb84de-6074-4d0f-9d5f-f634e41ef0b9">
      <![CDATA[org.openqa.selenium.WebDriverException: An unknown server-side error occurred while processing the command. (WARNING: The server did not provide any stacktrace information)
Command duration or timeout: 39 milliseconds
Build info: version: '2.46.0', revision: '87c69e2', time: '2015-06-04 16:17:10'
System info: host: 'Jitenders-MacBook-Air.local', ip: '192.168.1.194', os.name: 'Mac OS X', os.arch: 'x86_64', os.version: '10.10.5', java.version: '1.8.0_45'
Driver info: io.appium.java_client.android.AndroidDriver
Capabilities [{appPackage=com.grofers.customerapp, networkConnectionEnabled=true, warnings={}, databaseEnabled=false, deviceName=LGH818817f4eaf, platform=LINUX, appActivity=com.grofers.customerapp.activities.ActivitySplashScreen, desired={appPackage=com.grofers.customerapp, appActivity=com.grofers.customerapp.activities.ActivitySplashScreen, BROWSER_NAME=Android, VERSION=5.1, platformName=Android, deviceName=LGH818817f4eaf}, platformVersion=5.1, BROWSER_NAME=Android, webStorageEnabled=false, locationContextEnabled=false, VERSION=5.1, browserName=Android, takesScreenshot=true, javascriptEnabled=true, platformName=Android}]
Session ID: 59cb84de-6074-4d0f-9d5f-f634e41ef0b9
	at sun.reflect.NativeConstructorAccessorImpl.newInstance0(Native Method)
	at sun.reflect.NativeConstructorAccessorImpl.newInstance(NativeConstructorAccessorImpl.java:62)
	at sun.reflect.DelegatingConstructorAccessorImpl.newInstance(DelegatingConstructorAccessorImpl.java:45)
	at java.lang.reflect.Constructor.newInstance(Constructor.java:422)
	at org.openqa.selenium.remote.ErrorHandler.createThrowable(ErrorHandler.java:204)
	at org.openqa.selenium.remote.ErrorHandler.throwIfResponseFailed(ErrorHandler.java:156)
	at org.openqa.selenium.remote.RemoteWebDriver.execute(RemoteWebDriver.java:605)
	at io.appium.java_client.DefaultGenericMobileDriver.execute(DefaultGenericMobileDriver.java:42)
	at io.appium.java_client.AppiumDriver.execute(AppiumDriver.java:1)
	at io.appium.java_client.android.AndroidDriver.execute(AndroidDriver.java:1)
	at io.appium.java_client.AppiumDriver.performTouchAction(AppiumDriver.java:297)
	at io.appium.java_client.TouchAction.perform(TouchAction.java:301)
	at io.appium.java_client.AppiumDriver.swipe(AppiumDriver.java:352)
	at allpages.General.swipeLeft(General.java:27)
	at test.testappandroid.eVerify(testappandroid.java:161)
	at sun.reflect.NativeMethodAccessorImpl.invoke0(Native Method)
	at sun.reflect.NativeMethodAccessorImpl.invoke(NativeMethodAccessorImpl.java:62)
	at sun.reflect.DelegatingMethodAccessorImpl.invoke(DelegatingMethodAccessorImpl.java:43)
	at java.lang.reflect.Method.invoke(Method.java:497)
	at org.testng.internal.MethodInvocationHelper.invokeMethod(MethodInvocationHelper.java:84)
	at org.testng.internal.Invoker.invokeMethod(Invoker.java:714)
	at org.testng.internal.Invoker.invokeTestMethod(Invoker.java:901)
	at org.testng.internal.Invoker.invokeTestMethods(Invoker.java:1231)
	at org.testng.internal.TestMethodWorker.invokeTestMethods(TestMethodWorker.java:127)
	at org.testng.internal.TestMethodWorker.run(TestMethodWorker.java:111)
	at org.testng.TestRunner.privateRun(TestRunner.java:767)
	at org.testng.TestRunner.run(TestRunner.java:617)
	at org.testng.SuiteRunner.runTest(SuiteRunner.java:334)
	at org.testng.SuiteRunner.runSequentially(SuiteRunner.java:329)
	at org.testng.SuiteRunner.privateRun(SuiteRunner.java:291)
	at org.testng.SuiteRunner.run(SuiteRunner.java:240)
	at org.testng.SuiteRunnerWorker.runSuite(SuiteRunnerWorker.java:52)
	at org.testng.SuiteRunnerWorker.run(SuiteRunnerWorker.java:86)
	at org.testng.TestNG.runSuitesSequentially(TestNG.java:1224)
	at org.testng.TestNG.runSuitesLocally(TestNG.java:1149)
	at org.testng.TestNG.run(TestNG.java:1057)
	at org.testng.remote.RemoteTestNG.run(RemoteTestNG.java:115)
	at org.testng.remote.RemoteTestNG.initAndRun(RemoteTestNG.java:207)
	at org.testng.remote.RemoteTestNG.main(RemoteTestNG.java:178)
]]>
    </failure>
  </testcase> <!-- eVerify -->
  <testcase name="bloginbutton" time="0.608" classname="test.testappandroid"/>
  <testcase name="fserach" time="41.741" classname="test.testappandroid">
    <failure type="org.openqa.selenium.NoSuchElementException" message="An element could not be located on the page using the given search parameters. (WARNING: The server did not provide any stacktrace information)
Command duration or timeout: 40.57 seconds
For documentation on this error, please visit: http://seleniumhq.org/exceptions/no_such_element.html
Build info: version: &#039;2.46.0&#039;, revision: &#039;87c69e2&#039;, time: &#039;2015-06-04 16:17:10&#039;
System info: host: &#039;Jitenders-MacBook-Air.local&#039;, ip: &#039;192.168.1.194&#039;, os.name: &#039;Mac OS X&#039;, os.arch: &#039;x86_64&#039;, os.version: &#039;10.10.5&#039;, java.version: &#039;1.8.0_45&#039;
Driver info: io.appium.java_client.android.AndroidDriver
Capabilities [{appPackage=com.grofers.customerapp, networkConnectionEnabled=true, warnings={}, databaseEnabled=false, deviceName=LGH818817f4eaf, platform=LINUX, appActivity=com.grofers.customerapp.activities.ActivitySplashScreen, desired={appPackage=com.grofers.customerapp, appActivity=com.grofers.customerapp.activities.ActivitySplashScreen, BROWSER_NAME=Android, VERSION=5.1, platformName=Android, deviceName=LGH818817f4eaf}, platformVersion=5.1, BROWSER_NAME=Android, webStorageEnabled=false, locationContextEnabled=false, VERSION=5.1, browserName=Android, takesScreenshot=true, javascriptEnabled=true, platformName=Android}]
Session ID: 59cb84de-6074-4d0f-9d5f-f634e41ef0b9
*** Element info: {Using=id, value=com.grofers.customerapp:id/edit_text_search}">
      <![CDATA[org.openqa.selenium.NoSuchElementException: An element could not be located on the page using the given search parameters. (WARNING: The server did not provide any stacktrace information)
Command duration or timeout: 40.57 seconds
For documentation on this error, please visit: http://seleniumhq.org/exceptions/no_such_element.html
Build info: version: '2.46.0', revision: '87c69e2', time: '2015-06-04 16:17:10'
System info: host: 'Jitenders-MacBook-Air.local', ip: '192.168.1.194', os.name: 'Mac OS X', os.arch: 'x86_64', os.version: '10.10.5', java.version: '1.8.0_45'
Driver info: io.appium.java_client.android.AndroidDriver
Capabilities [{appPackage=com.grofers.customerapp, networkConnectionEnabled=true, warnings={}, databaseEnabled=false, deviceName=LGH818817f4eaf, platform=LINUX, appActivity=com.grofers.customerapp.activities.ActivitySplashScreen, desired={appPackage=com.grofers.customerapp, appActivity=com.grofers.customerapp.activities.ActivitySplashScreen, BROWSER_NAME=Android, VERSION=5.1, platformName=Android, deviceName=LGH818817f4eaf}, platformVersion=5.1, BROWSER_NAME=Android, webStorageEnabled=false, locationContextEnabled=false, VERSION=5.1, browserName=Android, takesScreenshot=true, javascriptEnabled=true, platformName=Android}]
Session ID: 59cb84de-6074-4d0f-9d5f-f634e41ef0b9
*** Element info: {Using=id, value=com.grofers.customerapp:id/edit_text_search}
	at sun.reflect.NativeConstructorAccessorImpl.newInstance0(Native Method)
	at sun.reflect.NativeConstructorAccessorImpl.newInstance(NativeConstructorAccessorImpl.java:62)
	at sun.reflect.DelegatingConstructorAccessorImpl.newInstance(DelegatingConstructorAccessorImpl.java:45)
	at java.lang.reflect.Constructor.newInstance(Constructor.java:422)
	at org.openqa.selenium.remote.ErrorHandler.createThrowable(ErrorHandler.java:204)
	at org.openqa.selenium.remote.ErrorHandler.throwIfResponseFailed(ErrorHandler.java:156)
	at org.openqa.selenium.remote.RemoteWebDriver.execute(RemoteWebDriver.java:605)
	at io.appium.java_client.DefaultGenericMobileDriver.execute(DefaultGenericMobileDriver.java:42)
	at io.appium.java_client.AppiumDriver.execute(AppiumDriver.java:1)
	at io.appium.java_client.android.AndroidDriver.execute(AndroidDriver.java:1)
	at org.openqa.selenium.remote.RemoteWebDriver.findElement(RemoteWebDriver.java:358)
	at org.openqa.selenium.remote.RemoteWebDriver.findElementById(RemoteWebDriver.java:399)
	at io.appium.java_client.DefaultGenericMobileDriver.findElementById(DefaultGenericMobileDriver.java:62)
	at io.appium.java_client.AppiumDriver.findElementById(AppiumDriver.java:1)
	at io.appium.java_client.android.AndroidDriver.findElementById(AndroidDriver.java:1)
	at org.openqa.selenium.By$ById.findElement(By.java:215)
	at org.openqa.selenium.remote.RemoteWebDriver.findElement(RemoteWebDriver.java:350)
	at io.appium.java_client.DefaultGenericMobileDriver.findElement(DefaultGenericMobileDriver.java:52)
	at io.appium.java_client.AppiumDriver.findElement(AppiumDriver.java:1)
	at io.appium.java_client.android.AndroidDriver.findElement(AndroidDriver.java:1)
	at test.testappandroid.fserach(testappandroid.java:178)
	at sun.reflect.NativeMethodAccessorImpl.invoke0(Native Method)
	at sun.reflect.NativeMethodAccessorImpl.invoke(NativeMethodAccessorImpl.java:62)
	at sun.reflect.DelegatingMethodAccessorImpl.invoke(DelegatingMethodAccessorImpl.java:43)
	at java.lang.reflect.Method.invoke(Method.java:497)
	at org.testng.internal.MethodInvocationHelper.invokeMethod(MethodInvocationHelper.java:84)
	at org.testng.internal.Invoker.invokeMethod(Invoker.java:714)
	at org.testng.internal.Invoker.invokeTestMethod(Invoker.java:901)
	at org.testng.internal.Invoker.invokeTestMethods(Invoker.java:1231)
	at org.testng.internal.TestMethodWorker.invokeTestMethods(TestMethodWorker.java:127)
	at org.testng.internal.TestMethodWorker.run(TestMethodWorker.java:111)
	at org.testng.TestRunner.privateRun(TestRunner.java:767)
	at org.testng.TestRunner.run(TestRunner.java:617)
	at org.testng.SuiteRunner.runTest(SuiteRunner.java:334)
	at org.testng.SuiteRunner.runSequentially(SuiteRunner.java:329)
	at org.testng.SuiteRunner.privateRun(SuiteRunner.java:291)
	at org.testng.SuiteRunner.run(SuiteRunner.java:240)
	at org.testng.SuiteRunnerWorker.runSuite(SuiteRunnerWorker.java:52)
	at org.testng.SuiteRunnerWorker.run(SuiteRunnerWorker.java:86)
	at org.testng.TestNG.runSuitesSequentially(TestNG.java:1224)
	at org.testng.TestNG.runSuitesLocally(TestNG.java:1149)
	at org.testng.TestNG.run(TestNG.java:1057)
	at org.testng.remote.RemoteTestNG.run(RemoteTestNG.java:115)
	at org.testng.remote.RemoteTestNG.initAndRun(RemoteTestNG.java:207)
	at org.testng.remote.RemoteTestNG.main(RemoteTestNG.java:178)
]]>
    </failure>
  </testcase> <!-- fserach -->
  <testcase name="cloginpageitems" time="6.628" classname="test.testappandroid"/>
  <testcase name="amen" time="8.215" classname="test.testappandroid"/>
</testsuite> <!-- test.testappandroid -->
