<?xml version="1.0" encoding="UTF-8"?>
<!-- Generated by org.testng.reporters.JUnitReportReporter -->
<testsuite hostname="Jitenders-MacBook-Air.local" name="test.testappandroid" tests="4" failures="0" timestamp="30 Oct 2015 07:49:36 GMT" time="30.940" errors="0">
  <testcase name="cloginpageitems" time="9.152" classname="test.testappandroid"/>
  <testcase name="amen" time="7.604" classname="test.testappandroid"/>
  <testcase name="eVerify" time="13.838" classname="test.testappandroid"/>
  <testcase name="bloginbutton" time="0.346" classname="test.testappandroid"/>
</testsuite> <!-- test.testappandroid -->
