<?xml version="1.0" encoding="UTF-8"?>
<!-- Generated by org.testng.reporters.JUnitReportReporter -->
<testsuite hostname="Geek111" name="cart_feature.checkout" tests="1" failures="0" timestamp="13 Dec 2015 13:02:31 GMT" time="7.597" errors="0">
  <testcase name="testcase_4" time="7.597" classname="cart_feature.checkout"/>
</testsuite> <!-- cart_feature.checkout -->
