<?xml version="1.0" encoding="UTF-8"?>
<!-- Generated by org.testng.reporters.JUnitReportReporter -->
<testsuite hostname="Jitenders-MacBook-Air.local" name="test.testappandroid" tests="3" failures="0" timestamp="23 Oct 2015 05:25:39 GMT" time="12.717" errors="0">
  <testcase name="loginpageitems" time="5.659" classname="test.testappandroid"/>
  <testcase name="amen" time="6.334" classname="test.testappandroid"/>
  <testcase name="bloginbutton" time="0.724" classname="test.testappandroid"/>
</testsuite> <!-- test.testappandroid -->
