<?xml version="1.0" encoding="UTF-8"?>
<!-- Generated by org.testng.reporters.JUnitReportReporter -->
<testsuite hostname="DEITY-3015A-103" name="test.testappandroid" tests="1" failures="0" timestamp="10 Dec 2015 09:51:11 GMT" time="9.425" errors="0">
  <testcase name="a_menu" time="9.425" classname="test.testappandroid"/>
</testsuite> <!-- test.testappandroid -->
